<?xml version="1.0" encoding="UTF-8"?>
<testng-results ignored="13" total="14" passed="1" failed="0" skipped="0">
  <reporter-output>
  </reporter-output>
  <suite started-at="2023-05-25T16:15:06 IST" name="Default suite" finished-at="2023-05-25T16:15:16 IST" duration-ms="10322">
    <groups>
    </groups>
    <test started-at="2023-05-25T16:15:06 IST" name="Default test" finished-at="2023-05-25T16:15:16 IST" duration-ms="10322">
      <class name="RestAssured.RestAssured.AppTest">
        <test-method signature="checkAPIChainging()[pri:15, instance:RestAssured.RestAssured.AppTest@10db82ae]" started-at="2023-05-25T16:15:06 IST" name="checkAPIChainging" finished-at="2023-05-25T16:15:16 IST" duration-ms="10297" status="PASS">
          <reporter-output>
          </reporter-output>
        </test-method> <!-- checkAPIChainging -->
      </class> <!-- RestAssured.RestAssured.AppTest -->
    </test> <!-- Default test -->
  </suite> <!-- Default suite -->
</testng-results>
