{
  "stats": {
    "suites": 1,
    "tests": 1,
    "passes": 0,
    "pending": 0,
    "failures": 1,
    "start": "2024-06-03T12:48:16.004Z",
    "end": "2024-06-03T12:48:17.699Z",
    "duration": 1695,
    "testsRegistered": 1,
    "passPercent": 0,
    "pendingPercent": 0,
    "other": 0,
    "hasOther": false,
    "skipped": 0,
    "hasSkipped": false
  },
  "results": [
    {
      "uuid": "4b6af88d-c91d-4762-b9c5-298746351448",
      "title": "",
      "fullFile": "cypress/e2e/assertions.cy.js",
      "file": "cypress/e2e/assertions.cy.js",
      "beforeHooks": [],
      "afterHooks": [],
      "tests": [],
      "suites": [
        {
          "uuid": "7358d8c4-36ac-462b-8a01-347655e91226",
          "title": "all assertion test",
          "fullFile": "",
          "file": "",
          "beforeHooks": [],
          "afterHooks": [],
          "tests": [
            {
              "title": "should contain",
              "fullTitle": "all assertion test should contain",
              "timedOut": null,
              "duration": 559,
              "state": "failed",
              "speed": null,
              "pass": false,
              "fail": true,
              "pending": false,
              "context": null,
              "code": "cy.visit('https://example.cypress.io/');\ncy.get('a[href=\"/commands/querying\"]').click();\ncy.get('#query-btn').should('contain', 'Button');",
              "err": {
                "message": "CypressError: `cy.click()` can only be called on a single element. Your subject contained 6 elements. Pass `{ multiple: true }` if you want to serially click each element.\n\nhttps://on.cypress.io/click",
                "estack": "CypressError: `cy.click()` can only be called on a single element. Your subject contained 6 elements. Pass `{ multiple: true }` if you want to serially click each element.\n\nhttps://on.cypress.io/click\n    at mouseAction (https://example.cypress.io/__cypress/runner/cypress_runner.js:112019:68)\n    at Context.click (https://example.cypress.io/__cypress/runner/cypress_runner.js:112186:14)\n    at wrapped (https://example.cypress.io/__cypress/runner/cypress_runner.js:138021:19)\nFrom Your Spec Code:\n    at Context.eval (webpack://cypressproject1/./cypress/e2e/assertions.cy.js:12:47)",
                "diff": null
              },
              "uuid": "3a95d0f9-0d4d-4131-a398-b687a415a554",
              "parentUUID": "7358d8c4-36ac-462b-8a01-347655e91226",
              "isHook": false,
              "skipped": false
            }
          ],
          "suites": [],
          "passes": [],
          "failures": [
            "3a95d0f9-0d4d-4131-a398-b687a415a554"
          ],
          "pending": [],
          "skipped": [],
          "duration": 559,
          "root": false,
          "rootEmpty": false,
          "_timeout": 2000
        }
      ],
      "passes": [],
      "failures": [],
      "pending": [],
      "skipped": [],
      "duration": 0,
      "root": true,
      "rootEmpty": true,
      "_timeout": 2000
    }
  ],
  "meta": {
    "mocha": {
      "version": "7.0.1"
    },
    "mochawesome": {
      "options": {
        "quiet": false,
        "reportFilename": "mochawesome",
        "saveHtml": true,
        "saveJson": true,
        "consoleReporter": "spec",
        "useInlineDiffs": false,
        "code": true
      },
      "version": "7.1.3"
    },
    "marge": {
      "options": null,
      "version": "6.2.0"
    }
  }
}