<?xml version="1.0" encoding="UTF-8"?>
<!-- Generated by org.testng.reporters.JUnitXMLReporter -->
<testsuite ignored="13" hostname="Intelligents-MacBook-Pro.local" failures="0" tests="1" name="Default test" time="10.322" errors="0" timestamp="2023-05-25T16:15:21 IST">
  <testcase classname="RestAssured.RestAssured.AppTest" name="checkAPIChainging" time="10.297"/>
  <testcase classname="RestAssured.RestAssured.AppTest" name="shouldAnswerWithTrue" time="0.0">
    <ignored/>
  </testcase> <!-- shouldAnswerWithTrue -->
  <testcase classname="RestAssured.RestAssured.AppTest" name="checkSeralize" time="0.0">
    <ignored/>
  </testcase> <!-- checkSeralize -->
  <testcase classname="RestAssured.RestAssured.AppTest" name="checkSchema" time="0.0">
    <ignored/>
  </testcase> <!-- checkSchema -->
  <testcase classname="RestAssured.RestAssured.AppTest" name="getUser" time="0.0">
    <ignored/>
  </testcase> <!-- getUser -->
  <testcase classname="RestAssured.RestAssured.AppTest" name="checkAuth" time="0.0">
    <ignored/>
  </testcase> <!-- checkAuth -->
  <testcase classname="RestAssured.RestAssured.AppTest" name="getCookieHeader" time="0.0">
    <ignored/>
  </testcase> <!-- getCookieHeader -->
  <testcase classname="RestAssured.RestAssured.AppTest" name="getHeader" time="0.0">
    <ignored/>
  </testcase> <!-- getHeader -->
  <testcase classname="RestAssured.RestAssured.AppTest" name="updatedUser" time="0.0">
    <ignored/>
  </testcase> <!-- updatedUser -->
  <testcase classname="RestAssured.RestAssured.AppTest" name="checkXML" time="0.0">
    <ignored/>
  </testcase> <!-- checkXML -->
  <testcase classname="RestAssured.RestAssured.AppTest" name="createUser" time="0.0">
    <ignored/>
  </testcase> <!-- createUser -->
  <testcase classname="RestAssured.RestAssured.AppTest" name="compareResponseJson" time="0.0">
    <ignored/>
  </testcase> <!-- compareResponseJson -->
  <testcase classname="RestAssured.RestAssured.AppTest" name="getUserWithPathAndParam" time="0.0">
    <ignored/>
  </testcase> <!-- getUserWithPathAndParam -->
  <testcase classname="RestAssured.RestAssured.AppTest" name="checkAPIAuth" time="0.0">
    <ignored/>
  </testcase> <!-- checkAPIAuth -->
</testsuite> <!-- Default test -->
